[ 2023-01-02 19:09:34,705 ] 10 root - INFO - Reading Data from Database: aps and collection: sensor
[ 2023-01-02 19:09:38,077 ] 12 root - INFO - Found columns: Index(['_id', 'class', 'aa_000', 'ab_000', 'ac_000', 'ad_000', 'ae_000',
       'af_000', 'ag_000', 'ag_001',
       ...
       'ee_002', 'ee_003', 'ee_004', 'ee_005', 'ee_006', 'ee_007', 'ee_008',
       'ee_009', 'ef_000', 'eg_000'],
      dtype='object', length=172)
[ 2023-01-02 19:09:38,288 ] 15 root - INFO - Row and columns
[ 2023-01-02 19:09:38,288 ] 26 root - INFO - Save data in feature store
[ 2023-01-02 19:09:39,114 ] 30 root - INFO - Create feature store folder if not available
[ 2023-01-02 19:09:39,115 ] 33 root - INFO - Save df to feature store folder
[ 2023-01-02 19:09:41,647 ] 38 root - INFO - split dataset into train and test set
[ 2023-01-02 19:09:42,328 ] 42 root - INFO - create dataset directory folder if not available
[ 2023-01-02 19:09:42,328 ] 47 root - INFO - Save df to feature store folder
[ 2023-01-02 19:09:44,637 ] 57 root - INFO - Data ingestion artifact: DataIngestionArtifact(feature_store_file_path='/config/workspace/artifact/010223__190934/data_ingestion/feature_store/sensor.csv', train_file_path='/config/workspace/artifact/010223__190934/data_ingestion/dataset/train.csv', test_file_path='/config/workspace/artifact/010223__190934/data_ingestion/dataset/test.csv')
[ 2023-01-02 19:09:45,136 ] 17 root - INFO - >>>>>>>>>>>>>>>>>>>>>>>>>>>>>>>>>>>>>>>> Data Validation >>>>>>>>>>>>>>>>>>>>>>>>>>>>>>>>>>>>>>>>
[ 2023-01-02 19:09:45,136 ] 109 root - INFO - Reading base dataframe
[ 2023-01-02 19:09:46,760 ] 112 root - INFO - Replace na value in base df
[ 2023-01-02 19:09:48,044 ] 116 root - INFO - Drop null values colums from base df
[ 2023-01-02 19:09:49,144 ] 119 root - INFO - Reading train dataframe
[ 2023-01-02 19:09:49,540 ] 121 root - INFO - Reading test dataframe
[ 2023-01-02 19:09:49,649 ] 124 root - INFO - Drop null values colums from train df
[ 2023-01-02 19:09:49,671 ] 126 root - INFO - Drop null values colums from test df
[ 2023-01-02 19:09:56,765 ] 135 root - INFO - Is all required columns present in train df
[ 2023-01-02 19:09:56,765 ] 137 root - INFO - Is all required columns present in test df
[ 2023-01-02 19:09:56,765 ] 141 root - INFO - As all column are available in train df hence detecting data drift
[ 2023-01-02 19:10:00,694 ] 144 root - INFO - As all column are available in test df hence detecting data drift
[ 2023-01-02 19:10:01,978 ] 148 root - INFO - Write reprt in yaml file
[ 2023-01-02 19:10:02,055 ] 153 root - INFO - Data validation artifact: DataValidationArtifact(report_file_path='/config/workspace/artifact/010223__190934/data validation/report.yaml')
