[ 2023-01-02 18:48:45,250 ] 10 root - INFO - Reading Data from Database: aps and collection: sensor
[ 2023-01-02 18:48:48,704 ] 12 root - INFO - Found columns: Index(['_id', 'class', 'aa_000', 'ab_000', 'ac_000', 'ad_000', 'ae_000',
       'af_000', 'ag_000', 'ag_001',
       ...
       'ee_002', 'ee_003', 'ee_004', 'ee_005', 'ee_006', 'ee_007', 'ee_008',
       'ee_009', 'ef_000', 'eg_000'],
      dtype='object', length=172)
[ 2023-01-02 18:48:48,907 ] 15 root - INFO - Row and columns
[ 2023-01-02 18:48:48,907 ] 26 root - INFO - Save data in feature store
[ 2023-01-02 18:48:49,469 ] 30 root - INFO - Create feature store folder if not available
[ 2023-01-02 18:48:49,469 ] 33 root - INFO - Save df to feature store folder
[ 2023-01-02 18:48:51,889 ] 38 root - INFO - split dataset into train and test set
[ 2023-01-02 18:48:52,438 ] 42 root - INFO - create dataset directory folder if not available
[ 2023-01-02 18:48:52,438 ] 47 root - INFO - Save df to feature store folder
[ 2023-01-02 18:48:54,596 ] 57 root - INFO - Data ingestion artifact: DataIngestionArtifact(feature_store_file_path='/config/workspace/artifact/010223__184845/data_ingestion/feature_store/sensor.csv', train_file_path='/config/workspace/artifact/010223__184845/data_ingestion/dataset/train.csv', test_file_path='/config/workspace/artifact/010223__184845/data_ingestion/dataset/test.csv')
[ 2023-01-02 18:48:55,039 ] 17 root - INFO - >>>>>>>>>>>>>>>>>>>>>>>>>>>>>>>>>>>>>>>> Data Validation >>>>>>>>>>>>>>>>>>>>>>>>>>>>>>>>>>>>>>>>
[ 2023-01-02 18:48:55,040 ] 109 root - INFO - Reading base dataframe
[ 2023-01-02 18:48:56,687 ] 112 root - INFO - Replace na value in base df
[ 2023-01-02 18:48:57,995 ] 116 root - INFO - Drop null values colums from base df
[ 2023-01-02 18:48:59,037 ] 119 root - INFO - Reading train dataframe
[ 2023-01-02 18:48:59,427 ] 121 root - INFO - Reading test dataframe
[ 2023-01-02 18:48:59,526 ] 124 root - INFO - Drop null values colums from train df
[ 2023-01-02 18:48:59,547 ] 126 root - INFO - Drop null values colums from test df
[ 2023-01-02 18:49:06,616 ] 135 root - INFO - Is all required columns present in train df
[ 2023-01-02 18:49:06,616 ] 137 root - INFO - Is all required columns present in test df
[ 2023-01-02 18:49:06,616 ] 141 root - INFO - As all column are available in train df hence detecting data drift
[ 2023-01-02 18:49:06,640 ] 83 root - INFO - base column name: class
